[   0.000] Itiizingcgupsubss ust[  00000Intialincgro ssy cu   0.000] nitiizg cgrousuys cuat
[  .00000Lix ersi 4.0-3geri (buldlg01-2) ccverson5.1 20603 Ubunu 3.-14unt.1)  #3-untu SP edul 2 10639 UC 16(Unt4..03453geeric4.15
  0.0000Coand ne BOT_IGEbot/vmnu4.4.34enric otUID=67f6-ea64a5-9f5e24c78 o cooltty1 csolettyS
[  0.0000KERNL pprt cus
[    .000]   teGenueIel
[  00000  D AuthntcA
[   0.000]  ntr Ceauauls
[  00000 x/fpu xat_offet2] 576, tae_iz[2  56[   0.00] x8fp: uppoinXSAVfeur 0x0 '7 flti poi rister'    .000] x8/f: uppoinXSAVfetue 0x2:SS regsts'
[  00000 x/fu: Suprtg XSAV ftue 0x4:AV regsts'
[  00000x8fp: Enlexstae atres 7,ontet zes 83 bes usig stdard fma.
[   0.000] x6/u:Usg az' U ntxtswch.
[   .00000 e0:BIOSroded ysalRAM map:
[    0.000000] BIOS-e820: [mem 0x0000000000000000-0x000000009fbf] abe
[  00000 BS-820:me0x00000009c00x00000000fff] resrvd
[   00000] IOe80: [m 00000000f000x0000000fff] reerd
[  0.0000 BS-820: [me0x00000000000x0000dfff] usab
   0.000 BIOe8: mem 000000df00-0x0000dffff] CPI ta
[  0.0000BI-e20[mem0x00000f0000-0000000c0ff] seve
[   00000]IOe820[m 0000000e000-000000f00ff] seed
  0.0000BI-e82: emx000000fc0000x0000ffff] seved
[  00000] OS820:me0x0000010000-000001ffff] ubl
[  0.000] NXExut Dsae)precon: ati
    0000]SMBIS 5 resent.
  0.0000 Hpeviso dteed: VM[    0000] e82 lt_fn = 0200 max_arcpf= x400000
[  000000x8PAT:onguraon0-]: WB C C- UC      UCWT
[   00000]TR Disbl
    0000] CPMTRsall la - virtualized system.
[    0.000000] e820: last_pfn = 0xdfff0 max_arch_pfn = 0x400000000
[    0.000000] found SMP MP-table at [mem 0x0009fff0-0x0009ffff] mapped at [ffff88000009fff0]
[    0.000000] Scanning 1 areas for low memory corruption
[    0.000000] RAMDISK: [mem 0x33c5a000-0x35e24fff]
[    0.000000] ACPI: Early table checksum verification disabled
[    0.000000] ACPI: RSDP 0x00000000E0000024(v02BO )
  0.0000] PI XSDT 000000DF00 0003Cv0 VBO  BOXST 0001 AL 000061
[  0000000 AI: FCPx00000FF0F0 004 v04 BO  BOXFACP 00000001 ASL  00000061)
[    0.000000] ACPI: DSDT 0x00000000DFFF0470 00210F (v01 VBOX   VBOXBIOS 00000002 INTL 20100528)
[    0.000000] ACPI: FACS 0x00000000DFFF0200 000040
[    0.000000] ACPI: FACS 0x00000000DFFF0200 000040
[    0.000000] ACPI: APIC 0x00000000DFFF0240 00005C (v02 VBOX   VBOXAPIC 00000001 ASL  00000061)
[    0.000000] ACPI: SSDT 0x00000000DFFF02A0 0001CC (v01 VBOX   VBOXCPUT 00000002 INTL 20100528)
[    0.000000] No NUMA configuration found
[    0.000000] Faking a node at [mem 0x0000000000000000-0x000000011fffffff]
[    0.000000] NODE_DATA(0) allocated [mem 0x11fff7000-0x11fffff
[   0.000000] kvm-clock: Using msrs 4b564d01 and 4b564d00[   .0000]vmlok: cpu 0,sr:1ff00, rimary cpu clock
[    0.000000] kvm-clock: using sched offset of 403474474yces
[    0.000000] clocksource: kvm-clock: mask: 0xffffffffffffffff max_cycles: 0x1cd42e4dffb, max_idle_ns: 881590591483 n
[   0.000] on rng:
[  00000] DM    me0x00000000100-0000000ffff]   0.000   DA3  [mem0x00000001000-00000000fffff]   0.000]  Norm  mem x000010000-0x00011ffff
[   0000]  eve  ety[   .0000]ovlezonetat or echod
[  00000Ealy memy derangs    .000]   de 0 [m 0000000100-00000009ef]
[   .0000]  de 0: emx000000100-00000dffff]
[  .0000] ne    [m 0x00000000000x000011ffff]   0.000] nitm sup nod0 em 000000000100-0000001ffff]
  0.0000 AI: PTir O rt0x00
  .00000 IPIC[]:pi_i 2veion 2,ddess 0xc0000,GS0-
[   0.000] CP I_SRCVR(bs 0 usrq0 glbair 2dfdf
[  00000] PIINT_C_R bus buirq  gba_i 9ig lev)[   0.000] UngCPI AD fr SM conguatioinrmatn    0000] spbt:llowin2 Us,  hplg CP
   0.000 PM:Restred ose emor: em0x0000-0x000f]
[  0.0000] : gistedosve mmo: mem 0009f00-000fff]
  0.000] : egisre nsa mor: me0x00000x000eff]
[  0000 P: Reisre nosveemry [m 000f000x00fff]
[  0.0000 P Rgistednosaveemy: [m dff000-0dfffff
  0.0000PM Regted noveemry [m xe0000-0febfff
[    0.00] PM Riseredose meor [emxf0000-xf00f]
  0.0000PMRegited osavmery [me0xc0100-feffff][   0.000000] PM: Registered nosave memory: [mem 0xfee00000-0xfee00fff]
[    0.000000] PM Riser nav memy:mem fe1000xfbfff]    .000] M: Risred ose emor: em0xfc000xffff
[    0.00] e80: [m xe00000xfeff] valaleorPCdece
[  000000]oong pavrtalederelonVM
[   00000] clocoue: rin-jffs:as: fffff x_cls: 0fffff,axdle_n 7645160118 s[  00000] etp_pepuNR_CS:6 r_cpma_bts:26 _cu_id:2r_od_i:1
[  .0000]PECP Embde33pagecp @fff8110000s908r819d29681057
[   00000]V pilo hh ablentes: 6 rdr:, 96byte
   0000]Buil1 onis i Nod oer mobitgroungn. Totl ages10057  0.0000Poli ze:Norm
    0.00] Kenecoand ne BOT_IAG/bt/vmnu4.4.-3geric otUID=7f6eea69a6a9f45e4e7428roonoltt cnse=yS
[   .0000]IDas tab eries40 (rder 33268 bes
[  0.000] Mor 40085K/93848K available (8394K kernel code, 1282K rwdata, 3944K rodata, 1480K init, 129 b, 8530 rerve 0cm-rerd)
[  .0000]LU HWagn4,Orr=3,Mibjts0,CP=2Nodes=1
[   .0000] Hrahial R ilemetaon
[   00000] ui-timaduseentf af fouto64
  0.000]RC resicng CPUfr NR_US56 t ncpids=
   00000RCU:djtingeotr f ru_anut_leaf=64, nr_cpu_ids=2
[   00000] _IS:160 nrrqs:0 
    .000] Coso: olou V+ 0x25[   0.00] cool[ty1] naed
[  .0000]onle [yS eable
  0.000000] tsc: Detected 3392.290 MHz processor
[   27.754796] Calibrating delay loop (skipped) preset value.. 6784.58 BogoMIPS (lpj=13569160)
[   27.966579] pid_max: default: 32768 minimum: 301
[   28.086540] ACPI: Core revision 20150930
[   28.188882] ACPI: 2 ACPI AML tables successfully acquired and loaded
[   28.344780] Security Framework initialized
[   28.460300] Yama: becoming mindful.
[   28.546333] AppArmor: AppArmor initialized
[   28.663507] Dentry cache hash table entries: 524288 (order: 10, 4194304 bytes)
[   28.850083] Inode-cache hash table entries: 262144 (order: 9, 2097152 bytes)
[   29.019103] Mount-cache hash table entries: 8192 (order: 4, 65536 bytes)
[   29.180863] Mountpoint-cache hash table entries: 8192 (order: 4, 65536 bytes)
[   29.358637] Initializing cgroup subsys io
[   29.466515] Initializing cgroup subsys memory
[   29.578532] Initializing cgroup subsys devices
[   29.678605] Initializing cgroup subsys freezer
[   29.792683] Initializing cgroup subsys net_cls
[   29.894749] Initializing cgroup subsys perf_event
[   30.010354] Initializing cgroup subsys net_prio
[   30.066407] Initializing cgroup subsys hugetlb
[   30.172538] Initializing cgroup subsys pids
[   30.279116] CPU: Physical Processor ID: 0
[   30.366082] CPU: Processor Core ID: 0
[   30.452870] mce: CPU supports 0 MCE banks
[   30.558693] Last level iTLB entries: 4KB 512, 2MB 8, 4MB 8
[   30.706967] Last level dTLB entries: 4KB 512, 2MB 32, 4MB 32, 1GB 0
[   30.852324] Freeing SMP alternatives memory: 28K (ffffffff820b4000 - ffffffff820bb000)
[   30.907543] ftrace: allocating 31994 entries in 125 pages
[   30.944858] smpboot: Max logical packages: 1
[   31.027740] smpboot: APIC(0) Converting physical 0 to logical package 0
[   31.028967] x2apic enabled
[   31.029675] Switched APIC routing to physical x2apic.
[   31.031482] ..TIMER: vector=0x30 apic1=0 pin1=2 apic2=-1 pin2=-1
[   31.314534] smpboot: CPU0: Intel(R) Core(TM) i7-3770 CPU @ 3.40GHz (family: 0x6, model: 0x3a, stepping: 0x9)
[   31.588910] Performance Events: unsupported p6 CPU model 58 no PMU driver, software events only.
[   31.831381] KVM setup paravirtual spinlock
[   31.944608] x86: Booting SMP configuration:
[   32.052823] .... node  #0, CPUs:      #1
[   32.143744] kvm-clock: cpu 1, msr 1:1fff3041, secondary cpu clock
[   32.158157] mce: CPU supports 0 MCE banks
[   32.178404] x86: Booted up 1 node, 2 CPUs
[   32.179258] smpboot: Total of 2 processors activated (13569.16 BogoMIPS)
[   32.180649] devtmpfs: initialized
[   32.182839] evm: security.selinux
[   32.183460] evm: security.SMACK64
[   32.184056] evm: security.SMACK64EXEC
[   32.184699] evm: security.SMACK64TRANSMUTE
[   32.185360] evm: security.SMACK64MMAP
[   32.185988] evm: security.ima
[   32.186537] evm: security.capability
[   32.187423] clocksource: jiffies: mask: 0xffffffff max_cycles: 0xffffffff, max_idle_ns: 7645041785100000 ns
[   32.379453] pinctrl core: initialized pinctrl subsystem
[   32.515271] RTC time: 17:34:46, date: 08/25/16
[   32.632461] NET: Registered protocol family 16
[   32.763034] cpuidle: using governor ladder
[   32.910517] cpuidle: using governor menu
[   33.034488] PCCT header not found.
[   33.118954] ACPI: bus type PCI registered
[   33.188329] acpiphp: ACPI Hot Plug PCI Controller Driver version: 0.5
[   33.254608] PCI: Using configuration type 1 for base access
[   33.280242] ACPI: Added _OSI(Module Device)
[   33.415892] ACPI: Added _OSI(Processor Device)
[   33.538978] ACPI: Added _OSI(3.0 _SCP Extensions)
[   33.675089] ACPI: Added _OSI(Processor Aggregator Device)
[   33.827825] ACPI: Executed 1 blocks of module-level executable AML code
[   34.018908] ACPI: Interpreter enabled
[   34.122857] ACPI Exception: AE_NOT_FOUND, While evaluating Sleep State [\_S1_] (20150930/hwxface-580)
[   34.253176] ACPI Exception: AE_NOT_FOUND, While evaluating Sleep State [\_S2_] (20150930/hwxface-580)
[   34.254747] ACPI Exception: AE_NOT_FOUND, While evaluating Sleep State [\_S3_] (20150930/hwxface-580)
[   34.256300] ACPI Exception: AE_NOT_FOUND, While evaluating Sleep State [\_S4_] (20150930/hwxface-580)
[   34.300593] ACPI: (supports S0 S5)
[   34.390903] ACPI: Using IOAPIC for interrupt routing
[   34.509331] PCI: Using host bridge windows from ACPI; if necessary, use "pci=nocrs" and report a bug
[   34.711107] ACPI: PCI Root Bridge [PCI0] (domain 0000 [bus 00-ff])
[   34.815642] acpi PNP0A03:00: _OSC: OS supports [ASPM ClockPM Segments MSI]
[   34.927535] acpi PNP0A03:00: _OSC failed (AE_NOT_FOUND); disabling ASPM
[   35.153395] acpi PNP0A03:00: fail to add MMCONFIG information, can't access extended PCI configuration space under this bridge.
[   35.464913] PCI host bridge to bus 0000:00
[   35.602083] pci_bus 0000:00: root bus resource [io  0x0000-0x0cf7 window]
[   35.800343] pci_bus 0000:00: root bus resource [io  0x0d00-0xffff window]
[   35.869223] pci_bus 0000:00: root bus resource [mem 0x000a0000-0x000bffff window]
[   35.870460] pci_bus 0000:00: root bus resource [mem 0xe0000000-0xffdfffff window]
[   36.109708] pci_bus 0000:00: root bus resource [bus 00-ff]
[   36.179418] pci 0000:00:01.1: legacy IDE quirk: reg 0x10: [io  0x01f0-0x01f7]
[   36.331153] pci 0000:00:01.1: legacy IDE quirk: reg 0x14: [io  0x03f6]
[   36.343694] pci 0000:00:01.1: legacy IDE quirk: reg 0x18: [io  0x0170-0x0177]
[   36.555821] pci 0000:00:01.1: legacy IDE quirk: reg 0x1c: [io  0x0376]
[   36.803608] pci 0000:00:07.0: quirk: [io  0x4000-0x403f] claimed by PIIX4 ACPI
[   37.035005] pci 0000:00:07.0: quirk: [io  0x4100-0x410f] claimed by PIIX4 SMB
[   37.290767] ACPI: PCI Interrupt Link [LNKA] (IRQs 5 9 10 *11)
[   37.404418] ACPI: PCI Interrupt Link [LNKB] (IRQs 5 9 10 *11)
[   37.540071] ACPI: PCI Interrupt Link [LNKC] (IRQs 5 9 *10 11)
[   37.653178] ACPI: PCI Interrupt Link [LNKD] (IRQs 5 *9 10 11)
[   37.654499] ACPI: Enabled 2 GPEs in block 00 to 07
[   37.655557] vgaarb: setting as boot device: PCI:0000:00:02.0
[   37.691266] vgaarb: device added: PCI:0000:00:02.0,decodes=io+mem,owns=io+mem,locks=none
[   37.718855] vgaarb: loaded
[   37.719384] vgaarb: bridge control possible 0000:00:02.0
[   37.844421] SCSI subsystem initialized
[   37.932734] ACPI: bus type USB registered
[   38.026318] usbcore: registered new interface driver usbfs
[   38.183535] usbcore: registered new interface driver hub
[   38.374679] usbcore: registered new device driver usb
[   38.452026] PCI: Using ACPI for IRQ routing
[   38.548105] NetLabel: Initializing
[   38.654354] NetLabel:  domain hash size = 128
[   38.766997] NetLabel:  protocols = UNLABELED CIPSOv4
[   38.913597] NetLabel:  unlabeled traffic allowed by default
[   39.041936] clocksource: Switched to clocksource kvm-clock
[   .248 AArr:ppArorilysm abd  9.02] np: P PIni
[ 40317]npPnACI:ou 3eves

[   40.602444] clocksource: acpi_pm: mask: 0xffffff max_cycles: 0xffffff, max_idle_ns: 2085701024 ns
[   40.611405] NET: Registered protocol family 2
[   40.718968] TCP established hash table entries: 32768 (order: 6, 262144 bytes)
[   40.901273] TCP bind hash table entries: 32768 (order: 7, 524288 bytes)
[   41.105682] TCP: Hash tables configured (established 32768 bind 32768)
[   41.318838] UDP hash table entries: 2048 (order: 4, 65536 bytes)
[   41.480518] UDP-Lite hash table entries: 2048 (order: 4, 65536 bytes)
[   41.481520] NET: Registered protocol family 1
[   41.482267] pci 0000:00:00.0: Limiting direct PCI/PCI transfers
[   41.483359] pci 0000:00:01.0: Activating ISA DMA hang workarounds
[   41.485892] Trying to unpack rootfs image as initramfs...
[ 429513] eeg itrd memory: 34604K (ffff880033c5a000 - ffff880035e25000)
[   42.694515] PCI-DMA: Using software bounce buffering for IO (SWIOTLB)
[   42.874792] software IO TLB [mem 0xdbff0000-0xdfff0000] (64MB) mapped at [ffff8800dbff0000-ffff8800dffeffff]
[   43.126263] RAPL PMU detected, API unit is 2^-32 Joules, 3 fixed counters 10737418240 ms ovfl timer
[   43.334355] hw unit of domain pp0-core 2^-0 Joules
[   43.473653] hw unit of domain package 2^-0 Joules
[   43.603760] hw unit of domain pp1-gpu 2^-0 Joules
[   43.724391] platform rtc_cmos: registered platform RTC device (no PNP device found)
[   .8008] Snng r w emy rrti ery0 cos
[   44.504605] futex hash table entries: 512 (order: 3, 32768 bytes)
[   44.684032] audit: initializing netlink subsys (disabled)
[   44.722240] tsc: Refined TSC clocksource calibration: 3394.032 MHz
[   44.722241] clocksource: tsc: mask: 0xffffffffffffffff max_cycles: 0x30ec4912a44, max_idle_ns: 440795332108 ns
[   44.819825] audit: type=2000 audit(1472146466.668:1): initialized
[   44.823434] Initialise system trusted keyring
[   44.924396] HugeTLB registered 2 MB page size, pre-allocated 0 pages
[   45.129449] zbud: loaded
[   45.184547] VFS: Disk quotas dquot_6.6.0
[   45.319407] VFS: Dquot-cache hash table entries: 512 (order 0, 4096 bytes)
[   45.407661] squashfs: version 4.0 (2009/01/31) Phillip Lougher
[   45.436288] fuse init (API version 7.23)
[   45.574657] Key type big_key registered
[   45.691185] Allocating IMA MOK and blacklist keyrings.
[   45.799953] Key type asymmetric registered
[   45.800654] Asymmetric key parser 'x509' registered
[   45.801469] Block layer SCSI generic (bsg) driver version 0.4 loaded (major 249)
[   45.870591] io scheduler noop registered
[   45.872587] io scheduler deadline registered (default)
[   45.874519] io scheduler cfq registered
[   45.879186] pci_hotplug: PCI Hot Plug PCI Core version: 0.5
[   45.913311] pciehp: PCI Express Hot Plug Controller Driver version: 0.4
[   46.086676] ACPI: AC Adapter [AC] (on-line)
[   46.126519] input: Power Button as /devices/LNXSYSTM:00/LNXPWRBN:00/input/input0
[   46.315807] ACPI: Power Button [PWRF]
[   46.408187] input: Sleep Button as /devices/LNXSYSTM:00/LNXSLPBN:00/input/input1
[   46.607010] ACPI: Sleep Button [SLPF]
[   46.690615] GHES: HEST is not enabled!
[   46.807097] Serial: 8250/16550 driver, 32 ports, IRQ sharing enabled
[   46.983740] 00:02: ttyS0 at I/O 0x3f8 (irq = 4, base_baud = 115200) is a 16550A
[   47.176029] Linux agpgart interface v0.103
[   47.304383] brd: module loaded
[   47.387456] loop: module loaded
[   47.456904] scsi host0: ata_piix
[   47.523956] scsi host1: ata_piix
[   47.617357] ata1: PATA max UDMA/33 cmd 0x1f0 ctl 0x3f6 bmdma 0xd000 irq 14
[   47.772191] ata2: PATA max UDMA/33 cmd 0x170 ctl 0x376 bmdma 0xd008 irq 15
[   47.978115] libphy: Fixed MDIO Bus: probed
[   48.025165] tun: Universal TUN/TAP device driver, 1.6
[   48.100456] tun: (C) 1999-2004 Max Krasnyansky <maxk@qualcomm.com>
[   48.260037] PPP generic driver version 2.4.2
[   48.380061] ehci_hcd: USB 2.0 'Enhanced' Host Controller (EHCI) Driver
[   48.420922] ehci-pci: EHCI PCI platform driver
[   48.421674] ehci-platform: EHCI generic platform driver
[   48.422529] ohci_hcd: USB 1.1 'Open' Host Controller (OHCI) Driver
[   48.423460] ohci-pci: OHCI PCI platform driver
[   48.424213] ohci-platform: OHCI generic platform driver
[   48.425036] uhci_hcd: USB Universal Host Controller Interface driver
[   48.426047] i8042: PNP: PS/2 Controller [PNP0303:PS2K,PNP0f03:PS2M] at 0x60,0x64 irq 1,12
[   48.446248] serio: i8042 KBD port at 0x60,0x64 irq 1
[   48.572091] serio: i8042 AUX port at 0x60,0x64 irq 12
[   48.699767] mousedev: PS/2 mouse device common for all mice
[   48.849635] rtc_cmos rtc_cmos: rtc core: registered rtc_cmos as rtc0
[   49.017340] rtc_cmos rtc_cmos: alarms up to one day, 114 bytes nvram
[   49.046444] i2c /dev entries driver
[   49.048723] input: AT Translated Set 2 keyboard as /devices/platform/i8042/serio0/input/input2
[   49.051459] device-mapper: uevent: version 1.0.3
[   49.053324] device-mapper: ioctl: 4.34.0-ioctl (2015-10-28) initialised: dm-devel@redhat.com
[   49.056316] ledtrig-cpu: registered to indicate activity on CPUs
[   49.057612] NET: Registered protocol family 10
[   49.164853] NET: Registered protocol family 17
[   49.172831] Key type dns_resolver registered
[   49.179301] microcode: CPU0 sig=0x306a9, pf=0x2, revision=0x19
[   49.180192] microcode: CPU1 sig=0x306a9, pf=0x2, revision=0x19
[   49.181065] microcode: Microcode Update Driver: v2.01 <tigran@aivazian.fsnet.co.uk>, Peter Oruba
[   49.194540] registered taskstats version 1
[   49.195241] Loading compiled-in X.509 certificates
[   49.196546] Loaded X.509 cert 'Build time autogenerated kernel key: c40ffa48d8617ce4553ee3ab59017c95e74f2501'
[   49.198072] zswap: loaded using pool lzo/zbud
[   49.206819] Key type trusted registered
[   49.210121] Key type encrypted registered
[   49.210804] AppArmor: AppArmor sha1 policy hashing enabled
[   49.211632] ima: No TPM chip found, activating TPM-bypass!
[   49.212481] evm: HMAC attrs: 0x1
[   49.213410]   Magic number: 12:723:593
[   49.214181] rtc_cmos rtc_cmos: setting system clock to 2016-08-25 17:35:03 UTC (1472146503)
[   49.295657] BIOS EDD facility v0.16 2004-Jun-25, 0 devices found
[   49.475436] EDD information not available.
[   49.618712] Freeing unused kernel memory: 1480K (ffffffff81f42000 - ffffffff820b4000)
[   49.779424] Write protecting the kernel read-only data: 14336k
[   49.943657] Freeing unused kernel memory: 1832K (ffff880001836000 - ffff880001a00000)
[   50.109131] Freeing unused kernel memory: 152K (ffff880001dda000 - ffff880001e00000)
Loading, please [   50.124325] random: systemd-udevd urandom read with 4 bits of entropy available
wait...
startin[   50.351881] ACPI: Video Device [GFX0] (multi-head: yes  rom: no  post: no)
g version 229
[   50.573873] input: Video Bus as /devices/LNXSYSTM:00/LNXSYBUS:00/PNP0A03:00/LNXVIDEO:00/input/input4
[   50.870665] e1000: Intel(R) PRO/1000 Network Driver - version 7.3.21-k8-NAPI
[   50.915477] e1000: Copyright (c) 1999-2006 Intel Corporation.
[   50.926031] FUJITSU Extended Socket Network Device Driver - version 1.0 - Copyright (c) 2015 FUJITSU LIMITED
[   50.950041] Fusion MPT base driver 3.04.20
[   51.027541] Copyright (c) 1999-2008 LSI Corporation
[   51.220075] AVX version of gcm_enc/dec engaged.
[   51.260563] AES CTR mode by8 optimization enabled
[   51.363585] Fusion MPT SPI Host driver 3.04.20
[   51.441593] input: ImExPS/2 Generic Explorer Mouse as /devices/platform/i8042/serio1/input/input5
[   51.557830] e1000 0000:00:03.0 eth0: (PCI:33MHz:32-bit) 02:3e:55:8e:47:b6
[   51.557833] e1000 0000:00:03.0 eth0: Intel(R) PRO/1000 Network Connection
[   51.670497] mptbase: ioc0: Initiating bringup
[   52.246286] ioc0: LSI53C1030 A0: Capabilities={Initiator}
[   52.525255] scsi host2: ioc0: LSI53C1030 A0, FwRev=00000000h, Ports=1, MaxQ=256, IRQ=20
[   52.842633] scsi 2:0:0:0: Direct-Access     VBOX     HARDDISK         1.0  PQ: 0 ANSI: 5
[   53.001168] scsi target2:0:0: Beginning Domain Validation
[   53.157608] scsi target2:0:0: Domain Validation skipping write tests
[   53.160340] scsi target2:0:0: Ending Domain Validation
[   53.161242] scsi target2:0:0: asynchronous
[   53.162655] scsi 2:0:1:0: Direct-Access     VBOX     HARDDISK         1.0  PQ: 0 ANSI: 5
[   53.163996] scsi target2:0:1: Beginning Domain Validation
[   53.166329] scsi target2:0:1: Domain Validation skipping write tests
[   53.167303] scsi target2:0:1: Ending Domain Validation
[   53.185141] scsi target2:0:1: asynchronous
[   53.359211] sd 2:0:0:0: Attached scsi generic sg0 type 0
[   53.363181] sd 2:0:0:0: [sda] 20971520 512-byte logical blocks: (10.7 GB/10.0 GiB)
[   53.363346] sd 2:0:0:0: [sda] Write Protect is off
[   53.363455] sd 2:0:0:0: [sda] Incomplete mode parameter data
[   53.363455] sd 2:0:0:0: [sda] Assuming drive cache: write through
[   53.685095]  sda: sda1
[   53.685541] sd 2:0:0:0: [sda] Attached SCSI disk
[   53.833171] e1000 0000:00:08.0 eth1: (PCI:33MHz:32-bit) 08:00:27:7e:74:18
[   53.833174] e1000 0000:00:08.0 eth1: Intel(R) PRO/1000 Network Connection
[   54.083056] e1000 0000:00:03.0 enp0s3: renamed from eth0
[   54.294469] floppy0: no floppy controllers found
[   54.390823] sd 2:0:1:0: Attached scsi generic sg1 type 0
[   54.390899] sd 2:0:1:0: [sdb] 20480 512-byte logical blocks: (10.5 MB/10.0 MiB)
[   54.391033] sd 2:0:1:0: [sdb] Write Protect is off
[   54.391134] sd 2:0:1:0: [sdb] Incomplete mode parameter data
[   54.391135] sd 2:0:1:0: [sdb] Assuming drive cache: write through
[   54.394374] sd 2:0:1:0: [sdb] Attached SCSI disk
[   54.666425] e1000 0000:00:08.0 enp0s8: renamed from eth1
Begin: Loading e[   56.165626] md: linear personality registered for level -1
ssential drivers[   56.351093] md: multipath personality registered for level -4
 ... [   56.493736] md: raid0 personality registered for level 0
[   56.513994] md: raid1 personality registered for level 1
[   56.590013] raid6: sse2x1   gen() 10009 MB/s
[   56.678055] raid6: sse2x1   xor()  5966 MB/s
[   56.762169] raid6: sse2x2   gen() 12406 MB/s
[   56.902140] raid6: sse2x2   xor()  8727 MB/s
[   57.093957] raid6: sse2x4   gen() 14634 MB/s
[   57.262224] raid6: sse2x4   xor() 10792 MB/s
[   57.413542] raid6: using algorithm sse2x4 gen() 14634 MB/s
[   57.542192] raid6: .... xor() 10792 MB/s, rmw enabled
[   57.567577] raid6: using ssse3x2 recovery algorithm
[   57.569626] xor: automatically using best checksumming function:
[   57.618208]    avx       : 20292.000 MB/sec
[   57.719878] async_tx: api initialized (async)
[   57.757713] md: raid6 personality registered for level 6
[   57.786147] md: raid5 personality registered for level 5
[   57.792550] md: raid4 personality registered for level 4
[   57.801883] md: raid10 personality registered for level 10
done.
Begin: Running /scripts/init-premount ... done.
Begin: Mounting root file system ... Begin: Running /scripts/local-top ... done.
Begin: Running /scripts/local-premount ..[   57.851915] Btrfs loaded
. Scanning for Btrfs filesystems
done.
Warning: fsck no[   57.905473] EXT4-fs (sda1): INFO: recovery required on readonly filesystem
t present, so skipping root file system
[   57.919386] EXT4-fs (sda1): write access will be enabled during recovery
[   58.072886] EXT4-fs (sda1): recovery complete
[   58.080596] EXT4-fs (sda1): mounted filesystem with ordered data mode. Opts: (null)
done.
Begin: Running /scripts/local-bottom ... done.
Begin: Running /scripts/init-bottom ... Warning: overlayroot: debug is busted
done.
[   59.510462] systemd[1]: systemd 229 running in system mode. (+PAM +AUDIT +SELINUX +IMA +APPARMOR +SMACK +SYSVINIT +UTMP +LIBCRYPTSETUP +GCRYPT +GNUTLS +ACL +XZ -LZ4 +SECCOMP +BLKID +ELFUTILS +KMOD -IDN)
[   59.644926] systemd[1]: Detected virtualization oracle.
[   59.645752] systemd[1]: Detected architecture x86-64.

Welcome to [1mUbuntu 16.04.1 LTS[0m!

[ 59767]system[1 Setosamtorstuoht>
[   60.310212] random: nonblocking pool is initialized
[   60.602649] systemd[1]: Listening on LVM2 poll daemon socket.
[[0;32m  OK  [0m] Listening on LVM2 poll daemon socket.
[ 60980] sysmd[]: Ltenngn vie-maerevt em FOs

[[0;32m  OK  [0m] Listening on Device-mapper event daemon FIFOs.
[   1.31] syem[1 Ltengon /v/nitcl mpibit Nam Pe.
[[0;32m  OK  [0m] Listening on /dev/initctl Compatibility Named Pipe.
[ 62268]ysmd[1 Ceate scese a Ssin Sle.
[[0;32m  OK  [0m] Created slice User and Session Slice.
[ 630688 ste[1 Rached rg Eryedoles

[[0;32m  OK  [0m] Reached target Encrypted Volumes.
[ 63874]systemd[]:Liteni oJonaAudiSoet

[[0;32m  OK  [0m] Listening on Journal Audit Socket.
[ 64985]ysmd]:isenin oLV mada aemo sket.
[[0;32m  OK  [0m] Listening on LVM2 metadata daemon socket.
[ 65.191 sstd[: stinondeCoroSoet

[[0;32m  OK  [0m] Listening on udev Control Socket.
[ 655448 sstem1]Rehetargt seanGrp meoops

[[0;32m  OK  [0m] Reached target User and Group Name Lookups.
[   .66272syem1]Crted li Sysemli.
[[0;32m  OK  [0m] Created slice System Slice.
[ 67389]ysmd]:reedli stem-seri\xgey.ic
[[0;32m  OK  [0m] Created slice system-serial\x2dgetty.slice.
[ 683407systemd[: stinonoualoct delo.
[[0;32m  OK  [0m] Listening on Journal Socket (/dev/log).
[ 68020]systd[]: Rch tgeSwap

[[0;32m  OK  [0m] Reached target Swap.
[ 69208]ysmd]:isnig n Sysl Ske
[[0;32m  OK  [0m] Listening on Syslog Socket.
[   693431] std[: arteFowa Pswd qutso llirtoryat.
[[0;32m  OK  [0m] Started Forward Password Requests to Wall Directory Watch.
[ 705851 sstem[1 S uauomout rbtry xetale FleortsilSyemAumot in
[[0;32m  OK  [0m] Set up automount Arbitrary Executab...ats File System Automount Point.
[ 719625] std[: Lienngn url ck.
[[0;32m  OK  [0m] Listening on Journal Socket.
[   72.582160] systemd[1]: Starting Journal Service...
         Starting Journal Service...
[   72.743445] systemd[1]: Starting Nameserver information manager...
         Starting Nameserver information manager...
[   72.906379] systemd[1]: Mounting POSIX Message Queue File System...
         Mounting POSIX Message Queue File System...
[   73.162534] systemd[1]: Starting Monitoring of LVM2 mirrors, snapshots etc. using dmeventd or progress polling...
         Starting Monitoring of LVM2 mirrors... dmeventd or progress polling...
[   73.478537] systemd[1]: Starting Set console keymap...
         Starting Set console keymap...
[   73.706514] systemd[1]: Starting Load Kernel Modules...
         [   73.872294] Loading iSCSI transport class v2.0-870.
Starting Load Ke[   73.917423] iscsi: registered transport (tcp)
rnel Modules...
[   74.062575] iscsi: registered transport (iser)
[   74.070706] systemd[1]: Starting Uncomplicated firewall...
         Starting Uncomplicated firewall...
[   74.324473] systemd[1]: Mounting Huge Pages File System...
         Mounting Huge Pages File System...
[   74.326661] systemd[1]: Starting Create list of required static device nodes for the current kernel...
         Starting Create list of required st... nodes for the current kernel...
[   74.329657] systemd[1]: Starting Remount Root and Kernel File Systems...
         Starting Remount[   74.344584] EXT4-fs (sda1): re-mounted. Opts: (null)
 Root and Kernel File Systems...
[   74.347968] systemd[1]: Mounting Debug File System...
         Mounting Debug File System...
[   74.360400] systemd[1]: Reached target Slices.
[[0;32m  OK  [0m] Reached target Slices.
[   74.362223] systemd[1]: Listening on udev Kernel Socket.
[[0;32m  OK  [0m] Listening on udev Kernel Socket.
[   74.364969] systemd[1]: Mounted POSIX Message Queue File System.
[[0;32m  OK  [0m] Mounted POSIX Message Queue File System.
[   74.367058] systemd[1]: Mounted Huge Pages File System.
[[0;32m  OK  [0m] Mounted Huge Pages File System.
[   74.368990] systemd[1]: Mounted Debug File System.
[[0;32m  OK  [0m] Mounted Debug File System.
[   74.370822] systemd[1]: Started Journal Service.
[[0;32m  OK  [0m] Started Journal Service.
[[0;32m  OK  [0m] Started Set console keymap.
[[0;32m  OK  [0m] Started Load Kernel Modules.
[[0;32m  OK  [0m] Started Uncomplicated firewall.
[[0;32m  OK  [0m] Started Create list of required sta...ce nodes for the current kernel.
[[0;32m  OK  [0m] Started Remount Root and Kernel File Systems.
[[0;32m  OK  [0m] Started Nameserver information manager.
[[0;32m  OK  [0m] Started LVM2 metadata daemon.
         Starting Load/Save Random Seed...
         Starting udev Coldplug all Devices...
         Starting Create Static Device Nodes in /dev...
         Mounting FUSE Control File System...
         Starting Apply Kernel Variables...
         Starting Flush Journal to Persistent Storage...
[[0;32m  OK  [0m] Mounted FUSE Control File System.
[[0;32m  OK  [0m] Started Monitoring of LVM2 mirrors,...ng dmeventd or progress polling.
[[0;32m  OK  [0m] Started Load/Save Random Seed.
[[0;32m  OK  [0m] Started Create Static Device Nodes in /dev.
[[0;32m  OK  [0m] Started Apply Kernel Variables.
[[0;32m  OK  [0m] Started udev Coldplug all Devices.
         Starting udev Kernel Device Manager...
[[0;32m  OK  [0m] Started udev Kernel Device Manager.
[[0;32m  OK  [0m] Started Flush Journal to Persistent Storage.
[[0;32m  OK  [0m] Reached target Local File Systems (Pre).
[[0;32m  OK  [0m] Reached target Local File Systems.
         Starting Set console font and keymap...
         Starting Create Volatile Files and Directories...
         Starting Initial cloud-init job (pre-networking)...
         Starting LSB: AppArmor initialization...
         Starting Tell Plymouth To Write Out Runtime Data...
[[0;32m  OK  [0m] Started Dispatch Password Requests to Console Directory Watch.
[[0;32m  OK  [0m] Started Create Volatile Files and Directories.
[[0;32m  OK  [0m] Started Tell Plymouth To Write Out Runtime Data.
[[0;32m  OK  [0m] Started Set console font and keymap.
[[0;32m  OK  [0m] Created slice system-getty.slice.
[[0;32m  OK  [0m] Reached target System Time Synchronized.
         Starting Update UTMP about System Boot/Shutdown...
[[0;32m  OK  [0m] Started Update UTMP about System Boot/Shutdown.
[[0;32m  OK  [0m] Started LSB: AppArmor initialization.
[[0;32m  OK  [0m] Found device 82540EM Gigabit[   76.884543] intel_rapl: no valid rapl domains found in package 0
 Ethern...r (PRO/1000 MT Desktop Adapter).
[[0;32m  OK  [0m] Found device /dev/ttyS0.
[[0;32m  OK  [0[   77.103055] intel_rapl: no valid rapl domains found in package 0
m] Reached target System Initialization.
[[0;32m  OK  [0m] Listening on UUID daemon activation socket.
         Starting Socket activation for snappy daemon.
         Starting LXD - unix socket.
[[0;32m  OK  [0m] Listening on ACPID Listen Socket.
[[0;32m  OK  [0m] Started ACPI Events Check.
[[0;32m  OK  [0m] Started Daily Cleanup of Temporary Directories.
[[0;32m  OK  [0m] Listening on D-Bus System Message Bus Socket.
[[0;32m  OK  [0m] Started Daily apt activities.
[[0;32m  OK  [0m] Started Trigger resolvconf update for networkd DNS.
[[0;32m  OK  [0m] Reached target Paths.
         Starting Docker Socket for the API.
[[0;32m  OK  [0m] Started Timer to automatically refresh installed snaps.
[[0;32m  OK  [0m] Reached target Timers.
[[0;32m  OK  [0m] Listening on Socket activation for snappy daemon.
[[0;32m  OK  [0m] Listening on LXD - unix socket.
[[0;32m  OK  [0m] Listening on Docker Socket for the API.
[[0;32m  OK  [0m] Found device 82540EM Gigabit Ethern...r (PRO/1000 MT Desktop Adapter).
[[0;32m  OK  [0m] Listening on Load/Save RF Kill Switch Status /dev/rfkill Watch.
[[0;32m  OK  [0m] Reached target Sockets.
[[0;32m  OK  [0m] Reached target Basic System.
         Starting vboxadd.service...
         Starting Login Service...
[[0;32m  OK  [0m] Started Deferred execution scheduler.
[[0;32m  OK  [0m] Started Regular background program processing daemon.
[[0;32m  OK  [0m] Started ACPI event daemon.
         Starting Daily apt activities...
[[0;32m  OK  [0m] Started FUSE filesystem for LXC.
         Starting System Logging Service...
         Starting LXD - container startup/shutdown...
         Starting vboxadd-x11.service...
         Starting Thermal Daemon Service...
         Starting Accounts Service...
         Starting LSB: MD monitoring daemon...
[[0;32m  OK  [0m] Started D-Bus System Message Bus.
[[0;32m  OK  [0m] Started Thermal Daemon Service.
         Starting LSB: Record successful boot for GRUB...
[[0;32m  OK  [0m] Started Snappy daemon.
[[0;32m  OK  [0m] Started System Logging Service.
[[0;32m  OK  [0m] Started Login Service.
         Starting Authenticate and Authorize Users to Run Privileged Tasks...
[   77.809108] snd_intel8x0 0000:00:05.0: measure - unreliable DMA position..
[[0;32m  OK  [0m] Started LSB: MD monitoring daemon.
[[0;32m  OK  [0m] Started LXD - container startup/shutdown.
[[0;32m  OK  [0m] Started LSB: Record successful boot for GRUB.
[[0;32m  OK  [0m] Started vboxadd-x11.service.
[[0;32m  OK  [0m] Started Authenticate and Authorize Users to Run Privileged Tasks.
[[0;32m  OK  [0m] Started Accounts Service.
[[0;32m  OK  [0m] Reached target Sound Card.
[[0;32m  OK  [0m] Started vboxadd.service.
         Starting vboxadd-service.service...
[[0;32m  OK  [0m] Started vboxadd-service.service.
[   40.362899] cloud-init[1321]: Cloud-init v. 0.7.7 running 'init-local' at Thu, 25 Aug 2016 17:35:32 +0000. Up 40.09 seconds.
[[0;32m  OK  [0m] Started Initial cloud-init job (pre-networking).
[[0;32m  OK  [0m] Reached target Network (Pre).
[[0;32m  OK  [0m] Started ifup for enp0s3.
         Starting Raise network interfaces...
[[0;32m  OK  [0m] Started ifup for enp0s8.
[[0;32m  OK  [0m] Started Raise network interfaces.
[[0;32m  OK  [0m] Reached target Network.
         Starting Automatically refresh installed snaps...
         Starting Docker Application Container Engine...
         Starting Initial cloud-init job (metadata service crawler)...
[   42.494363] cloud-init[2463]: Cloud-init v. 0.7.7 running 'init' at Thu, 25 Aug 2016 17:35:34 +0000. Up 42.22 seconds.
[   42.515145] cloud-init[2463]: ci-info: ++++++++++++++++++++++++++++++++++++++Net device info++++++++++++++++++++++++++++++++++++++
[   42.520888] cloud-init[2463]: ci-info: +--------+------+-----------------------------+---------------+-------+-------------------+
[   42.544508] cloud-init[2463]: ci-info: | Device |  Up  |           Address           |      Mask     | Scope |     Hw-Address    |
[   42.544736] cloud-init[2463]: ci-info: +--------+------+-----------------------------+---------------+-------+-------------------+
[   42.544847] cloud-init[2463]: ci-info: | enp0s8 | True |        192.168.10.30        | 255.255.255.0 |   .   | 08:00:27:7e:74:18 |
[   42.544960] cloud-init[2463]: ci-info: | enp0s8 | True | fe80::a00:27ff:fe7e:7418/64 |       .       |  link | 08:00:27:7e:74:18 |
[   42.545077] cloud-init[2463]: ci-info: |   lo   | True |          127.0.0.1          |   255.0.0.0   |   .   |         .         |
[   42.545199] cloud-init[2463]: ci-info: |   lo   | True |           ::1/128           |       .       |  host |         .         |
[   42.545327] cloud-init[2463]: ci-info: | enp0s3 | True |          10.0.2.15          | 255.255.255.0 |   .   | 02:3e:55:8e:47:b6 |
[   42.545442] cloud-init[2463]: ci-info: | enp0s3 | True |  fe80::3e:55ff:fe8e:47b6/64 |       .       |  link | 02:3e:55:8e:47:b6 |
[   42.545559] cloud-init[2463]: ci-info: +--------+------+-----------------------------+---------------+-------+-------------------+
[   42.545678] cloud-init[2463]: ci-info: ++++++++++++++++++++++++++++Route IPv4 info++++++++++++++++++++++++++++
[   42.545806] cloud-init[2463]: ci-info: +-------+--------------+----------+---------------+-----------+-------+
[   42.545920] cloud-init[2463]: ci-info: | Route | Destination  | Gateway  |    Genmask    | Interface | Flags |
[   42.546040] cloud-init[2463]: ci-info: +-------+--------------+----------+---------------+-----------+-------+
[[0;32m  OK  [0m] Started Initial cloud-init job (metadata service crawler).
[   42.546201] cloud-init[2463]: ci-info: |   0   |   0.0.0.0    | 10.0.2.2 |    0.0.0.0    |   enp0s3  |   UG  |
[   43.560583] cloud-init[2463]: ci-info: |   1   |   10.0.2.0   | 0.0.0.0  | 255.255.255.0 |   enp0s3  |   U   |
[   43.560806] cloud-init[2463]: ci-info: |   2   | 192.168.10.0 | 0.0.0.0  | 255.255.255.0 |   enp0s8  |   U   |
[[0;32m  OK  [0m] Started Docker Application Container Engine.
[   43.560949] cloud-init[2463]: ci-info: +-------+--------------+----------+---------------+-----------+-------+
[[0;32m  OK  [0m] Reached target Cloud-config availability.
[[0;32m  OK  [0m] Reached target Network is Online.
         Starting iSCSI initiator daemon (iscsid)...
         Starting Seed the pseudo random number generator on first boot...
         Starting /etc/rc.local Compatibility...
         Starting Apply the settings specified in cloud-config...
[[0;32m  OK  [0m] Started /etc/rc.local Compatibility.
[[0;32m  OK  [0m] Started iSCSI initiator daemon (iscsid).
         Starting Login to default iSCSI targets...
[[0;32m  OK  [0m] Started Login to default iSCSI targets.
[[0;32m  OK  [0m] Reached target Remote File Systems (Pre).
[[0;32m  OK  [0m] Reached target Remote File Systems.
         Starting LSB: automatic crash report generation...
         Starting Permit User Sessions...
         Starting LSB: Set up cgroupfs mounts....
         Starting LSB: daemon to balance interrupts for SMP systems...
[   44.657747] cloud-init[2740]: Cloud-init v. 0.7.7 running 'modules:config' at Thu, 25 Aug 2016 17:35:37 +0000. Up 44.52 seconds.
         Starting LSB: Set the CPU Frequency Scaling governor to "ondemand"...
[[0;32m  OK  [0m] Started Apply the settings specified in cloud-config.
[[0;32m  OK  [0m] Started Permit User Sessions.
[[0;32m  OK  [0m] Started Automatically refresh installed snaps.
[[0;32m  OK  [0m] Started LSB: Set up cgroupfs mounts..
[[0;32m  OK  [0m] Started LSB: automatic crash report generation.
[[0;32m  OK  [0m] Started LSB: daemon to balance interrupts for SMP systems.
[[0;32m  OK  [0m] Started LSB: Set the CPU Frequency Scaling governor to "ondemand".
         Starting Hold until boot process finishes up...
         Starting Terminate Plymouth Boot Screen...
         Starting Execute cloud user/final scripts...
[[0;32m  OK  [0m] Started Hold until boot process finishes up.
[[0;32m  OK  [0m] Started Terminate Plymouth Boot Screen.
[[0;32m  OK  [0m] Started Serial Getty on ttyS0.
         Starting Set console scheme...
[   46.022423] cloud-init[2812]: Cloud-init v. 0.7.7 running 'modules:final' at Thu, 25 Aug 2016 17:35:38 +0000. Up 45.94 seconds.
[   46.176782] cloud-init[2812]: Cloud-init v. 0.7.7 finished at Thu, 25 Aug 2016 17:35:38 +0000. Datasource DataSourceNoCloud [seed=/dev/sdb][dsmode=net].  Up 46.01 seconds
[[0;32m  OK  [0m] Started Getty on tty1.
[[0;32m  OK  [0m] Reached target Login Prompts.
[[0;32m  OK  [0m] Started Execute cloud user/final scripts.
[[0;32m  OK  [0m] Started Set console scheme.
[[0;32m  OK  [0m] Reached target Cloud-init target.
[[0;32m  OK  [0m] Started Seed the pseudo random number generator on first boot.
         Starting OpenBSD Secure Shell server...
[[0;32m  OK  [0m] Started OpenBSD Secure Shell server.
[[0;32m  OK  [0m] Reached target Multi-User System.
[[0;32m  OK  [0m] Reached target Graphical Interface.
         Starting Update UTMP about System Runlevel Changes...
[[0;32m  OK  [0m] Started Update UTMP about System Runlevel Changes.
[[0;32m  OK  [0m] Created slice User Slice of ubuntu.
         Starting User Manager for UID 1000...
[[0;32m  OK  [0m] Started User Manager for UID 1000.
[[0;32m  OK  [0m] Started Session 1 of user ubuntu.

Ubuntu 16.04.1 LTS rstudiohost ttyS0

rstudiohost login: [[0;32m  OK  [0m] Started ACPI event daemon.
[[0;32m  OK  [0m] Started ACPI event daemon.
[[0;32m  OK  [0m] Started ACPI event daemon.
[[0;32m  OK  [0m] Started ACPI event daemon.
         Stopping OpenBSD Secure Shell server...
[[0;32m  OK  [0m] Stopped OpenBSD Secure Shell server.
         Starting OpenBSD Secure Shell server...
[[0;32m  OK  [0m] Started OpenBSD Secure Shell server.
[[0;32m  OK  [0m] Started Daily apt activities.
